\BOOKMARK [1][-]{section.1}{Introduction}{}% 1
\BOOKMARK [1][-]{section.2}{Overview of Principal Components}{}% 2
\BOOKMARK [1][-]{section.3}{Algorithms}{}% 3
\BOOKMARK [2][-]{subsection.3.1}{NIPALS}{section.3}% 4
\BOOKMARK [2][-]{subsection.3.2}{Full SVD}{section.3}% 5
\BOOKMARK [2][-]{subsection.3.3}{Eigenvector Decomposition \(Simultaneous Iteration\)}{section.3}% 6
\BOOKMARK [2][-]{subsection.3.4}{GPU Paralellization}{section.3}% 7
\BOOKMARK [1][-]{section.4}{Methodology}{}% 8
\BOOKMARK [1][-]{section.5}{Algorithm Benchmark Results}{}% 9
\BOOKMARK [2][-]{subsection.5.1}{Normalized Runtime}{section.5}% 10
\BOOKMARK [3][-]{subsubsection.5.1.1}{Asymptotic Complexity}{subsection.5.1}% 11
\BOOKMARK [3][-]{subsubsection.5.1.2}{Runtime and m == nimages}{subsection.5.1}% 12
\BOOKMARK [3][-]{subsubsection.5.1.3}{Runtime and n == npixels}{subsection.5.1}% 13
\BOOKMARK [3][-]{subsubsection.5.1.4}{Runtime and c == ncomponents}{subsection.5.1}% 14
\BOOKMARK [3][-]{subsubsection.5.1.5}{Overview}{subsection.5.1}% 15
\BOOKMARK [2][-]{subsection.5.2}{Mean Squared Error}{section.5}% 16
\BOOKMARK [2][-]{subsection.5.3}{Loss}{section.5}% 17
\BOOKMARK [2][-]{subsection.5.4}{Error Rate}{section.5}% 18
\BOOKMARK [1][-]{section.6}{Application to Classifier}{}% 19
\BOOKMARK [1][-]{section.7}{Conclusion}{}% 20
